<?xml version="1.0" encoding="UTF-8"?>
<!-- Generated by org.testng.reporters.JUnitReportReporter -->
<testsuite skipped="0" hostname="LAPTOP-J8VUTN6J" name="test.TestPOMFBSignup" tests="1" failures="0" timestamp="26 May 2020 04:52:47 GMT" time="3.617" errors="0">
  <testcase name="Signup" time="3.617" classname="test.TestPOMFBSignup"/>
</testsuite> <!-- test.TestPOMFBSignup -->
