<?xml version="1.0" encoding="UTF-8"?>
<!-- Generated by org.testng.reporters.JUnitReportReporter -->
<testsuite skipped="0" hostname="LAPTOP-J8VUTN6J" name="com.scripts.ActiTimeLogin.TestCreateEditDeleteLeave" tests="1" failures="0" timestamp="29 May 2020 05:56:57 GMT" time="27.244" errors="0">
  <testcase name="CreateEditDeleteLeave" time="27.244" classname="com.scripts.ActiTimeLogin.TestCreateEditDeleteLeave"/>
</testsuite> <!-- com.scripts.ActiTimeLogin.TestCreateEditDeleteLeave -->
