<?xml version="1.0" encoding="UTF-8"?>
<!-- Generated by org.testng.reporters.JUnitReportReporter -->
<testsuite skipped="0" hostname="LAPTOP-J8VUTN6J" name="Test.POMCreateEditAndDeleteTask" tests="1" failures="0" timestamp="27 May 2020 05:38:25 GMT" time="51.588" errors="0">
  <testcase name="CreateEditAndDeletetask" time="51.588" classname="Test.POMCreateEditAndDeleteTask"/>
</testsuite> <!-- Test.POMCreateEditAndDeleteTask -->
