<?xml version="1.0" encoding="UTF-8"?>
<!-- Generated by org.testng.reporters.JUnitReportReporter -->
<testsuite skipped="0" hostname="LAPTOP-J8VUTN6J" name="test.TestPOMYahooSignup" tests="1" failures="0" timestamp="26 May 2020 07:02:58 GMT" time="2.993" errors="0">
  <testcase name="yahoosignup" time="2.993" classname="test.TestPOMYahooSignup"/>
</testsuite> <!-- test.TestPOMYahooSignup -->
