<?xml version="1.0" encoding="UTF-8"?>
<!-- Generated by org.testng.reporters.JUnitReportReporter -->
<testsuite skipped="0" hostname="LAPTOP-J8VUTN6J" name="com.scripts.ActiTimeLogin.TestCreateEditDeleteTask" tests="1" failures="0" timestamp="29 May 2020 05:58:15 GMT" time="48.479" errors="0">
  <testcase name="CreateEditAndDeletetask" time="48.479" classname="com.scripts.ActiTimeLogin.TestCreateEditDeleteTask"/>
</testsuite> <!-- com.scripts.ActiTimeLogin.TestCreateEditDeleteTask -->
