<?xml version="1.0" encoding="UTF-8"?>
<!-- Generated by org.testng.reporters.JUnitReportReporter -->
<testsuite skipped="0" hostname="LAPTOP-J8VUTN6J" name="com.scripts.ActiTimeLogin.TestActilogin" tests="1" failures="0" timestamp="29 May 2020 05:39:00 GMT" time="0.005" errors="0">
  <testcase name="actiLogin" time="0.005" classname="com.scripts.ActiTimeLogin.TestActilogin"/>
</testsuite> <!-- com.scripts.ActiTimeLogin.TestActilogin -->
