<?xml version="1.0" encoding="UTF-8"?>
<!-- Generated by org.testng.reporters.JUnitReportReporter -->
<testsuite skipped="0" hostname="LAPTOP-J8VUTN6J" name="Test.POMTestCreateEditAndDeleteCustomer" tests="1" failures="0" timestamp="27 May 2020 05:34:07 GMT" time="52.601" errors="0">
  <testcase name="createEditAndDeleteCustomer" time="52.601" classname="Test.POMTestCreateEditAndDeleteCustomer"/>
</testsuite> <!-- Test.POMTestCreateEditAndDeleteCustomer -->
