<?xml version="1.0" encoding="UTF-8"?>
<!-- Generated by org.testng.reporters.JUnitReportReporter -->
<testsuite skipped="0" hostname="LAPTOP-J8VUTN6J" name="Test.POMcreateAndDeleteLeave" tests="1" failures="0" timestamp="27 May 2020 06:09:25 GMT" time="28.814" errors="0">
  <testcase name="CreateandDeleteLeave" time="28.814" classname="Test.POMcreateAndDeleteLeave"/>
</testsuite> <!-- Test.POMcreateAndDeleteLeave -->
