<?xml version="1.0" encoding="UTF-8"?>
<!-- Generated by org.testng.reporters.JUnitReportReporter -->
<testsuite skipped="0" hostname="LAPTOP-J8VUTN6J" name="com.scripts.ActiTimeLogin.TestActiCreateEditDeleteCustomer" tests="1" failures="0" timestamp="29 May 2020 05:55:47 GMT" time="59.010" errors="0">
  <testcase name="createEditAndDeleteCustomer" time="59.010" classname="com.scripts.ActiTimeLogin.TestActiCreateEditDeleteCustomer"/>
</testsuite> <!-- com.scripts.ActiTimeLogin.TestActiCreateEditDeleteCustomer -->
